2024-12-20 23:23:03,589 - INFO - Starting system time synchronization...
2024-12-20 23:23:03,590 - INFO - Attempt 1 of 3.
2024-12-20 23:23:08,629 - WARNING - Attempt 1 failed for server pool.ntp.org: No response received from pool.ntp.org.
2024-12-20 23:23:08,706 - INFO - System time synchronized with offset: -492 ms using server time.google.com
2024-12-20 23:23:08,706 - INFO - Time synchronized with offset: -492
2024-12-20 23:23:08,710 - INFO - Initialized Bybit exchange
2024-12-20 23:23:12,674 - INFO - Fetched OHLCV data for BTCUSDT
2024-12-20 23:23:12,680 - INFO - Calculated technical indicators
2024-12-20 23:23:12,681 - INFO - Defined trading strategy
2024-12-20 23:23:13,099 - INFO - Fetched account balance: {'info': {'retCode': '0', 'retMsg': 'OK', 'result': {'list': [{'totalEquity': '5.65800615', 'accountIMRate': '0.1029', 'totalMarginBalance': '0.04616237', 'totalInitialMargin': '0.00475404', 'accountType': 'UNIFIED', 'totalAvailableBalance': '0.04140833', 'accountMMRate': '0.0411', 'totalPerpUPL': '0', 'totalWalletBalance': '0.04616237', 'accountLTV': '0.5073', 'totalMaintenanceMargin': '0.00190161', 'coin': [{'availableToBorrow': '', 'bonus': '0', 'accruedInterest': '0', 'availableToWithdraw': '0.00000043', 'totalOrderIM': '0', 'equity': '0.00000059', 'totalPositionMM': '0', 'usdValue': '0.05732588', 'unrealisedPnl': '0', 'collateralSwitch': True, 'spotHedgingQty': '0', 'borrowAmount': '0.000000000000000000', 'totalPositionIM': '0', 'walletBalance': '0.00000059', 'cumRealisedPnl': '-0.0000004', 'locked': '0', 'marginCollateral': True, 'coin': 'BTC'}, {'availableToBorrow': '', 'bonus': '0', 'accruedInterest': '0.00000048', 'availableToWithdraw': '0', 'totalOrderIM': '0', 'equity': '-0.0475528', 'totalPositionMM': '0', 'usdValue': '-0.04754044', 'unrealisedPnl': '0', 'collateralSwitch': True, 'spotHedgingQty': '0', 'borrowAmount': '0.047552808460026172', 'totalPositionIM': '0', 'walletBalance': '-0.0475528', 'cumRealisedPnl': '-114.8492814', 'locked': '0', 'marginCollateral': True, 'coin': 'USDT'}, {'availableToBorrow': '', 'bonus': '0', 'accruedInterest': '', 'availableToWithdraw': '5673.321', 'totalOrderIM': '0', 'equity': '5673.321', 'totalPositionMM': '0', 'usdValue': '5.37010373', 'unrealisedPnl': '0', 'collateralSwitch': False, 'spotHedgingQty': '0', 'borrowAmount': '0.000000000000000000', 'totalPositionIM': '0', 'walletBalance': '5673.321', 'cumRealisedPnl': '-5.679', 'locked': '0', 'marginCollateral': False, 'coin': 'NEIROCTO'}, {'availableToBorrow': '', 'bonus': '0', 'accruedInterest': '0', 'availableToWithdraw': '0.03752022', 'totalOrderIM': '0', 'equity': '0.03752022', 'totalPositionMM': '0', 'usdValue': '0.03752345', 'unrealisedPnl': '0', 'collateralSwitch': True, 'spotHedgingQty': '0', 'borrowAmount': '0.000000000000000000', 'totalPositionIM': '0', 'walletBalance': '0.03752022', 'cumRealisedPnl': '-0.00585677', 'locked': '0', 'marginCollateral': True, 'coin': 'USDC'}, {'availableToBorrow': '', 'bonus': '0', 'accruedInterest': '0', 'availableToWithdraw': '861.671232', 'totalOrderIM': '0', 'equity': '861.671232', 'totalPositionMM': '0', 'usdValue': '0.09189379', 'unrealisedPnl': '0', 'collateralSwitch': False, 'spotHedgingQty': '0', 'borrowAmount': '0.000000000000000000', 'totalPositionIM': '0', 'walletBalance': '861.671232', 'cumRealisedPnl': '-18.195768', 'locked': '0', 'marginCollateral': True, 'coin': 'LUNC'}, {'availableToBorrow': '', 'bonus': '0', 'accruedInterest': '0', 'availableToWithdraw': '0.00022133', 'totalOrderIM': '0', 'equity': '0.00022133', 'totalPositionMM': '0', 'usdValue': '0.14869973', 'unrealisedPnl': '0', 'collateralSwitch': False, 'spotHedgingQty': '0', 'borrowAmount': '0.000000000000000000', 'totalPositionIM': '0', 'walletBalance': '0.00022133', 'cumRealisedPnl': '0', 'locked': '0', 'marginCollateral': True, 'coin': 'BNB'}]}]}, 'retExtInfo': {}, 'time': '1734717192602'}, 'timestamp': 1734717192602, 'datetime': '2024-12-20T17:53:12.602Z', 'BTC': {'free': 4.3e-07, 'used': 1.6e-07, 'total': 5.9e-07, 'debt': 0.0}, 'USDT': {'free': 0.0, 'used': -0.0475528, 'total': -0.0475528, 'debt': 0.04755328846002617}, 'NEIROCTO': {'free': 5673.321, 'used': 0.0, 'total': 5673.321}, 'USDC': {'free': 0.03752022, 'used': 0.0, 'total': 0.03752022, 'debt': 0.0}, 'LUNC': {'free': 861.671232, 'used': 0.0, 'total': 861.671232, 'debt': 0.0}, 'BNB': {'free': 0.00022133, 'used': 0.0, 'total': 0.00022133, 'debt': 0.0}, 'free': {'BTC': 4.3e-07, 'USDT': 0.0, 'NEIROCTO': 5673.321, 'USDC': 0.03752022, 'LUNC': 861.671232, 'BNB': 0.00022133}, 'used': {'BTC': 1.6e-07, 'USDT': -0.0475528, 'NEIROCTO': 0.0, 'USDC': 0.0, 'LUNC': 0.0, 'BNB': 0.0}, 'total': {'BTC': 5.9e-07, 'USDT': -0.0475528, 'NEIROCTO': 5673.321, 'USDC': 0.03752022, 'LUNC': 861.671232, 'BNB': 0.00022133}, 'debt': {'BTC': 0.0, 'USDT': 0.04755328846002617, 'USDC': 0.0, 'LUNC': 0.0, 'BNB': 0.0}}
2024-12-30 23:35:08,131 - INFO - Starting system time synchronization...
2024-12-30 23:35:08,131 - INFO - Attempt 1 of 3.
2024-12-30 23:35:13,153 - WARNING - Attempt 1 failed for server pool.ntp.org: No response received from pool.ntp.org.
2024-12-30 23:35:13,252 - INFO - System time synchronized with offset: -1395 ms using server time.google.com
2024-12-30 23:35:13,252 - INFO - Time synchronized with offset: -1395
2024-12-30 23:35:13,257 - INFO - Initialized Bybit exchange
2024-12-30 23:35:13,500 - ERROR - Error fetching OHLCV data: bybit {"retCode":10002,"retMsg":"invalid request, please check your server timestamp or recv_window param. req_timestamp[1735581913257],server_timestamp[1735581912110],recv_window[5000]","result":{},"retExtInfo":{},"time":1735581912110}
2024-12-30 23:35:13,500 - ERROR - An error occurred during execution: bybit {"retCode":10002,"retMsg":"invalid request, please check your server timestamp or recv_window param. req_timestamp[1735581913257],server_timestamp[1735581912110],recv_window[5000]","result":{},"retExtInfo":{},"time":1735581912110}
2024-12-30 23:35:43,077 - INFO - Starting system time synchronization...
2024-12-30 23:35:43,077 - INFO - Attempt 1 of 3.
2024-12-30 23:35:48,108 - WARNING - Attempt 1 failed for server pool.ntp.org: No response received from pool.ntp.org.
2024-12-30 23:35:48,180 - INFO - System time synchronized with offset: -13838 ms using server time.google.com
2024-12-30 23:35:48,180 - INFO - Time synchronized with offset: -13838
2024-12-30 23:35:48,185 - INFO - Initialized Bybit exchange
2024-12-30 23:35:48,538 - ERROR - Error fetching OHLCV data: bybit {"retCode":10002,"retMsg":"invalid request, please check your server timestamp or recv_window param. req_timestamp[1735581948185],server_timestamp[1735581947149],recv_window[5000]","result":{},"retExtInfo":{},"time":1735581947149}
2024-12-30 23:35:48,539 - ERROR - An error occurred during execution: bybit {"retCode":10002,"retMsg":"invalid request, please check your server timestamp or recv_window param. req_timestamp[1735581948185],server_timestamp[1735581947149],recv_window[5000]","result":{},"retExtInfo":{},"time":1735581947149}
2024-12-30 23:36:57,068 - INFO - Starting system time synchronization...
2024-12-30 23:36:57,068 - INFO - Attempt 1 of 3.
2024-12-30 23:37:02,101 - WARNING - Attempt 1 failed for server pool.ntp.org: No response received from pool.ntp.org.
2024-12-30 23:37:02,175 - INFO - System time synchronized with offset: -1383 ms using server time.google.com
2024-12-30 23:37:02,176 - INFO - Time synchronized with offset: -1383
2024-12-30 23:37:02,181 - INFO - Initialized Bybit exchange
2024-12-30 23:37:02,513 - ERROR - Error fetching OHLCV data: bybit {"retCode":10002,"retMsg":"invalid request, please check your server timestamp or recv_window param. req_timestamp[1735582022181],server_timestamp[1735582021124],recv_window[5000]","result":{},"retExtInfo":{},"time":1735582021124}
2024-12-30 23:37:02,513 - ERROR - An error occurred during execution: bybit {"retCode":10002,"retMsg":"invalid request, please check your server timestamp or recv_window param. req_timestamp[1735582022181],server_timestamp[1735582021124],recv_window[5000]","result":{},"retExtInfo":{},"time":1735582021124}
2024-12-30 23:43:01,075 - INFO - Starting system time synchronization...
2024-12-30 23:43:01,076 - INFO - Attempt 1 of 3.
2024-12-30 23:43:01,149 - INFO - System time synchronized with offset: -1340 ms using server pool.ntp.org
2024-12-30 23:43:01,149 - INFO - Time synchronized with offset: -1340
2024-12-30 23:43:01,154 - INFO - Initialized Bybit exchange
2024-12-30 23:43:01,355 - ERROR - Error fetching OHLCV data: bybit {"retCode":10002,"retMsg":"invalid request, please check your server timestamp or recv_window param. req_timestamp[1735582381154],server_timestamp[1735582379969],recv_window[5000]","result":{},"retExtInfo":{},"time":1735582379969}
2024-12-30 23:43:01,355 - ERROR - An error occurred during execution: bybit {"retCode":10002,"retMsg":"invalid request, please check your server timestamp or recv_window param. req_timestamp[1735582381154],server_timestamp[1735582379969],recv_window[5000]","result":{},"retExtInfo":{},"time":1735582379969}
2024-12-30 23:46:29,476 - INFO - Starting system time synchronization...
2024-12-30 23:46:29,476 - INFO - Attempt 1 of 3.
2024-12-30 23:46:34,489 - WARNING - Attempt 1 failed for server pool.ntp.org: No response received from pool.ntp.org.
2024-12-30 23:46:34,563 - INFO - System time synchronized with offset: -1343 ms using server time.google.com
2024-12-30 23:46:34,563 - INFO - Time synchronized with offset: -1343
2024-12-30 23:46:34,568 - INFO - Initialized Bybit exchange
2024-12-30 23:46:34,917 - ERROR - Error fetching OHLCV data: bybit {"retCode":10002,"retMsg":"invalid request, please check your server timestamp or recv_window param. req_timestamp[1735582594568],server_timestamp[1735582593534],recv_window[5000]","result":{},"retExtInfo":{},"time":1735582593534}
2024-12-30 23:46:34,918 - ERROR - An error occurred during execution: bybit {"retCode":10002,"retMsg":"invalid request, please check your server timestamp or recv_window param. req_timestamp[1735582594568],server_timestamp[1735582593534],recv_window[5000]","result":{},"retExtInfo":{},"time":1735582593534}
2024-12-31 17:38:52,385 - INFO - Starting system time synchronization...
2024-12-31 17:38:52,386 - INFO - Attempt 1 of 3.
2024-12-31 17:38:52,474 - INFO - System time synchronized with offset: -2828 ms using server pool.ntp.org
2024-12-31 17:38:52,474 - INFO - Time synchronized with offset: -2828
2024-12-31 17:38:52,479 - INFO - Initialized Bybit exchange
2024-12-31 17:38:52,828 - ERROR - Error fetching OHLCV data: bybit {"retCode":10002,"retMsg":"invalid request, please check your server timestamp or recv_window param. req_timestamp[1735646932479],server_timestamp[1735646929962],recv_window[5000]","result":{},"retExtInfo":{},"time":1735646929962}
2024-12-31 17:38:52,828 - ERROR - An error occurred during execution: bybit {"retCode":10002,"retMsg":"invalid request, please check your server timestamp or recv_window param. req_timestamp[1735646932479],server_timestamp[1735646929962],recv_window[5000]","result":{},"retExtInfo":{},"time":1735646929962}
2024-12-31 17:44:50,218 - INFO - Starting system time synchronization...
2024-12-31 17:44:50,218 - INFO - Attempt 1 of 3.
2024-12-31 17:44:55,239 - WARNING - Attempt 1 failed for server pool.ntp.org: No response received from pool.ntp.org.
2024-12-31 17:44:55,312 - INFO - System time synchronized with offset: -2820 ms using server time.google.com
2024-12-31 17:44:55,312 - INFO - Time synchronized with offset: -2820
2024-12-31 17:44:55,317 - INFO - Initialized Bybit exchange
2024-12-31 17:44:55,653 - ERROR - Error fetching OHLCV data: bybit {"retCode":10002,"retMsg":"invalid request, please check your server timestamp or recv_window param. req_timestamp[1735647295318],server_timestamp[1735647292791],recv_window[5000]","result":{},"retExtInfo":{},"time":1735647292791}
2024-12-31 17:44:55,653 - ERROR - An error occurred during execution: bybit {"retCode":10002,"retMsg":"invalid request, please check your server timestamp or recv_window param. req_timestamp[1735647295318],server_timestamp[1735647292791],recv_window[5000]","result":{},"retExtInfo":{},"time":1735647292791}
2025-01-07 12:30:05,876 - INFO - Starting system time synchronization...
2025-01-07 12:30:05,876 - INFO - Attempt 1 of 3.
2025-01-07 12:30:05,942 - INFO - System time synchronized with offset: -1750 ms using server pool.ntp.org
2025-01-07 12:30:05,942 - INFO - Time synchronized with offset: -1750
2025-01-07 12:30:05,947 - INFO - Initialized Bybit exchange
2025-01-07 12:30:06,216 - ERROR - Error fetching OHLCV data: bybit {"retCode":10002,"retMsg":"invalid request, please check your server timestamp or recv_window param. req_timestamp[1736233205947],server_timestamp[1736233204415],recv_window[5000]","result":{},"retExtInfo":{},"time":1736233204415}
2025-01-07 12:30:06,216 - ERROR - An error occurred during execution: bybit {"retCode":10002,"retMsg":"invalid request, please check your server timestamp or recv_window param. req_timestamp[1736233205947],server_timestamp[1736233204415],recv_window[5000]","result":{},"retExtInfo":{},"time":1736233204415}
2025-01-07 13:04:42,728 - INFO - Starting system time synchronization...
2025-01-07 13:04:42,728 - INFO - Attempt 1 of 3.
2025-01-07 13:04:47,747 - WARNING - Attempt 1 failed for server pool.ntp.org: No response received from pool.ntp.org.
2025-01-07 13:04:47,826 - INFO - System time synchronized with offset: -1467 ms using server time.google.com
2025-01-07 13:04:47,826 - INFO - Time synchronized with offset: -1467
2025-01-07 13:04:47,831 - INFO - Initialized Bybit exchange
2025-01-07 13:04:48,057 - ERROR - Error fetching OHLCV data: bybit {"retCode":10002,"retMsg":"invalid request, please check your server timestamp or recv_window param. req_timestamp[1736235287831],server_timestamp[1736235286548],recv_window[5000]","result":{},"retExtInfo":{},"time":1736235286548}
2025-01-07 13:04:48,057 - ERROR - An error occurred during execution: bybit {"retCode":10002,"retMsg":"invalid request, please check your server timestamp or recv_window param. req_timestamp[1736235287831],server_timestamp[1736235286548],recv_window[5000]","result":{},"retExtInfo":{},"time":1736235286548}
2025-01-10 22:48:23,925 - INFO - Starting system time synchronization...
2025-01-10 22:48:23,925 - INFO - Attempt 1 of 3.
2025-01-10 22:48:23,999 - INFO - System time synchronized with offset: -115 ms using server pool.ntp.org
2025-01-10 22:48:23,999 - INFO - Time synchronized with offset: -115
2025-01-10 22:48:24,004 - INFO - Initialized Bybit exchange
2025-01-10 22:48:28,074 - INFO - Fetched OHLCV data for BTCUSDT
2025-01-10 22:48:28,083 - INFO - Calculated technical indicators
2025-01-10 22:48:28,084 - INFO - Defined trading strategy
2025-01-10 22:48:28,645 - INFO - Fetched account balance: {'info': {'retCode': '0', 'retMsg': 'OK', 'result': {'list': [{'totalEquity': '17.52040568', 'accountIMRate': '0.7179', 'totalMarginBalance': '12.87983139', 'totalInitialMargin': '9.24647796', 'accountType': 'UNIFIED', 'totalAvailableBalance': '3.63335343', 'accountMMRate': '0.1406', 'totalPerpUPL': '-8.5792761', 'totalWalletBalance': '21.4591075', 'accountLTV': '0', 'totalMaintenanceMargin': '1.81174413', 'coin': [{'availableToBorrow': '', 'bonus': '0', 'accruedInterest': '0', 'availableToWithdraw': '0.00000059', 'totalOrderIM': '0', 'equity': '0.00000059', 'totalPositionMM': '0', 'usdValue': '0.05538161', 'unrealisedPnl': '0', 'collateralSwitch': True, 'spotHedgingQty': '0', 'borrowAmount': '0.000000000000000000', 'totalPositionIM': '0', 'walletBalance': '0.00000059', 'cumRealisedPnl': '-0.0000004', 'locked': '0', 'marginCollateral': True, 'coin': 'BTC'}, {'availableToBorrow': '', 'bonus': '0', 'accruedInterest': '0', 'availableToWithdraw': '3.63377858', 'totalOrderIM': '0', 'equity': '12.78953187', 'totalPositionMM': '1.81195613', 'usdValue': '12.78803549', 'unrealisedPnl': '-8.58028', 'collateralSwitch': True, 'spotHedgingQty': '0', 'borrowAmount': '0.000000000000000000', 'totalPositionIM': '9.24755993', 'walletBalance': '21.36981187', 'cumRealisedPnl': '-120.45427126', 'locked': '0', 'marginCollateral': True, 'coin': 'USDT'}, {'availableToBorrow': '', 'bonus': '0', 'accruedInterest': '', 'availableToWithdraw': '5673.321', 'totalOrderIM': '0', 'equity': '5673.321', 'totalPositionMM': '0', 'usdValue': '4.39914567', 'unrealisedPnl': '0', 'collateralSwitch': False, 'spotHedgingQty': '0', 'borrowAmount': '0.000000000000000000', 'totalPositionIM': '0', 'walletBalance': '5673.321', 'cumRealisedPnl': '-5.679', 'locked': '0', 'marginCollateral': False, 'coin': 'NEIROCTO'}, {'availableToBorrow': '', 'bonus': '0', 'accruedInterest': '0', 'availableToWithdraw': '0.03752022', 'totalOrderIM': '0', 'equity': '0.03752022', 'totalPositionMM': '0', 'usdValue': '0.03752191', 'unrealisedPnl': '0', 'collateralSwitch': True, 'spotHedgingQty': '0', 'borrowAmount': '0.000000000000000000', 'totalPositionIM': '0', 'walletBalance': '0.03752022', 'cumRealisedPnl': '-0.00585677', 'locked': '0', 'marginCollateral': True, 'coin': 'USDC'}, {'availableToBorrow': '', 'bonus': '0', 'accruedInterest': '0', 'availableToWithdraw': '861.671232', 'totalOrderIM': '0', 'equity': '861.671232', 'totalPositionMM': '0', 'usdValue': '0.08726661', 'unrealisedPnl': '0', 'collateralSwitch': False, 'spotHedgingQty': '0', 'borrowAmount': '0.000000000000000000', 'totalPositionIM': '0', 'walletBalance': '861.671232', 'cumRealisedPnl': '-18.195768', 'locked': '0', 'marginCollateral': True, 'coin': 'LUNC'}, {'availableToBorrow': '', 'bonus': '0', 'accruedInterest': '0', 'availableToWithdraw': '0.00022133', 'totalOrderIM': '0', 'equity': '0.00022133', 'totalPositionMM': '0', 'usdValue': '0.15305436', 'unrealisedPnl': '0', 'collateralSwitch': False, 'spotHedgingQty': '0', 'borrowAmount': '0.000000000000000000', 'totalPositionIM': '0', 'walletBalance': '0.00022133', 'cumRealisedPnl': '0', 'locked': '0', 'marginCollateral': True, 'coin': 'BNB'}]}]}, 'retExtInfo': {}, 'time': '1736529508490'}, 'timestamp': 1736529508490, 'datetime': '2025-01-10T17:18:28.490Z', 'BTC': {'free': 5.9e-07, 'used': 0.0, 'total': 5.9e-07, 'debt': 0.0}, 'USDT': {'free': 3.63377858, 'used': 17.73603329, 'total': 21.36981187, 'debt': 0.0}, 'NEIROCTO': {'free': 5673.321, 'used': 0.0, 'total': 5673.321}, 'USDC': {'free': 0.03752022, 'used': 0.0, 'total': 0.03752022, 'debt': 0.0}, 'LUNC': {'free': 861.671232, 'used': 0.0, 'total': 861.671232, 'debt': 0.0}, 'BNB': {'free': 0.00022133, 'used': 0.0, 'total': 0.00022133, 'debt': 0.0}, 'free': {'BTC': 5.9e-07, 'USDT': 3.63377858, 'NEIROCTO': 5673.321, 'USDC': 0.03752022, 'LUNC': 861.671232, 'BNB': 0.00022133}, 'used': {'BTC': 0.0, 'USDT': 17.73603329, 'NEIROCTO': 0.0, 'USDC': 0.0, 'LUNC': 0.0, 'BNB': 0.0}, 'total': {'BTC': 5.9e-07, 'USDT': 21.36981187, 'NEIROCTO': 5673.321, 'USDC': 0.03752022, 'LUNC': 861.671232, 'BNB': 0.00022133}, 'debt': {'BTC': 0.0, 'USDT': 0.0, 'USDC': 0.0, 'LUNC': 0.0, 'BNB': 0.0}}
2025-01-12 13:12:00,912 - INFO - Starting system time synchronization...
2025-01-12 13:12:00,912 - INFO - Attempt 1 of 3.
2025-01-12 13:12:00,975 - INFO - System time synchronized with offset: -2828 ms using server pool.ntp.org
2025-01-12 13:12:00,975 - INFO - Time synchronized with offset: -2828
2025-01-12 13:12:00,981 - INFO - Initialized Bybit exchange
2025-01-12 13:12:01,302 - ERROR - Error fetching OHLCV data: bybit {"retCode":10002,"retMsg":"invalid request, please check your server timestamp or recv_window param. req_timestamp[1736667720981],server_timestamp[1736667718454],recv_window[5000]","result":{},"retExtInfo":{},"time":1736667718454}
2025-01-12 13:12:01,302 - ERROR - An error occurred during execution: bybit {"retCode":10002,"retMsg":"invalid request, please check your server timestamp or recv_window param. req_timestamp[1736667720981],server_timestamp[1736667718454],recv_window[5000]","result":{},"retExtInfo":{},"time":1736667718454}
2025-01-14 14:59:10,065 - INFO - Starting system time synchronization...
2025-01-14 14:59:10,065 - INFO - Attempt 1 of 3.
2025-01-14 14:59:15,094 - WARNING - Attempt 1 failed for server pool.ntp.org: No response received from pool.ntp.org.
2025-01-14 14:59:15,183 - INFO - System time synchronized with offset: 3 ms using server time.google.com
2025-01-14 14:59:15,183 - INFO - Time synchronized with offset: 3
2025-01-14 14:59:15,188 - INFO - Initialized Bybit exchange
2025-01-14 14:59:19,133 - INFO - Fetched OHLCV data for BTCUSDT
2025-01-14 14:59:19,145 - INFO - Calculated technical indicators
2025-01-14 14:59:19,147 - INFO - Defined trading strategy
2025-01-14 14:59:19,585 - INFO - Fetched account balance: {'info': {'retCode': '0', 'retMsg': 'OK', 'result': {'list': [{'totalEquity': '7.03126165', 'accountIMRate': '0', 'totalMarginBalance': '2.43736152', 'totalInitialMargin': '0', 'accountType': 'UNIFIED', 'totalAvailableBalance': '2.43736152', 'accountMMRate': '0', 'totalPerpUPL': '0', 'totalWalletBalance': '2.43736152', 'accountLTV': '0', 'totalMaintenanceMargin': '0', 'coin': [{'availableToBorrow': '', 'bonus': '0', 'accruedInterest': '0', 'availableToWithdraw': '0.00000059', 'totalOrderIM': '0', 'equity': '0.00000059', 'totalPositionMM': '0', 'usdValue': '0.05697511', 'unrealisedPnl': '0', 'collateralSwitch': True, 'spotHedgingQty': '0', 'borrowAmount': '0.000000000000000000', 'totalPositionIM': '0', 'walletBalance': '0.00000059', 'cumRealisedPnl': '-0.0000004', 'locked': '0', 'marginCollateral': True, 'coin': 'BTC'}, {'availableToBorrow': '', 'bonus': '0', 'accruedInterest': '0', 'availableToWithdraw': '2.34441144', 'totalOrderIM': '0', 'equity': '2.34441144', 'totalPositionMM': '0', 'usdValue': '2.34400351', 'unrealisedPnl': '0', 'collateralSwitch': True, 'spotHedgingQty': '0', 'borrowAmount': '0.000000000000000000', 'totalPositionIM': '0', 'walletBalance': '2.34441144', 'cumRealisedPnl': '-139.47967169', 'locked': '0', 'marginCollateral': True, 'coin': 'USDT'}, {'availableToBorrow': '', 'bonus': '0', 'accruedInterest': '', 'availableToWithdraw': '5673.321', 'totalOrderIM': '0', 'equity': '5673.321', 'totalPositionMM': '0', 'usdValue': '4.35124729', 'unrealisedPnl': '0', 'collateralSwitch': False, 'spotHedgingQty': '0', 'borrowAmount': '0.000000000000000000', 'totalPositionIM': '0', 'walletBalance': '5673.321', 'cumRealisedPnl': '-5.679', 'locked': '0', 'marginCollateral': False, 'coin': 'NEIROCTO'}, {'availableToBorrow': '', 'bonus': '0', 'accruedInterest': '0', 'availableToWithdraw': '0.03752022', 'totalOrderIM': '0', 'equity': '0.03752022', 'totalPositionMM': '0', 'usdValue': '0.0375224', 'unrealisedPnl': '0', 'collateralSwitch': True, 'spotHedgingQty': '0', 'borrowAmount': '0.000000000000000000', 'totalPositionIM': '0', 'walletBalance': '0.03752022', 'cumRealisedPnl': '-0.00585677', 'locked': '0', 'marginCollateral': True, 'coin': 'USDC'}, {'availableToBorrow': '', 'bonus': '0', 'accruedInterest': '0', 'availableToWithdraw': '861.671232', 'totalOrderIM': '0', 'equity': '861.671232', 'totalPositionMM': '0', 'usdValue': '0.08766556', 'unrealisedPnl': '0', 'collateralSwitch': False, 'spotHedgingQty': '0', 'borrowAmount': '0.000000000000000000', 'totalPositionIM': '0', 'walletBalance': '861.671232', 'cumRealisedPnl': '-18.195768', 'locked': '0', 'marginCollateral': True, 'coin': 'LUNC'}, {'availableToBorrow': '', 'bonus': '0', 'accruedInterest': '0', 'availableToWithdraw': '0.00022133', 'totalOrderIM': '0', 'equity': '0.00022133', 'totalPositionMM': '0', 'usdValue': '0.15384776', 'unrealisedPnl': '0', 'collateralSwitch': False, 'spotHedgingQty': '0', 'borrowAmount': '0.000000000000000000', 'totalPositionIM': '0', 'walletBalance': '0.00022133', 'cumRealisedPnl': '0', 'locked': '0', 'marginCollateral': True, 'coin': 'BNB'}]}]}, 'retExtInfo': {}, 'time': '1736846959551'}, 'timestamp': 1736846959551, 'datetime': '2025-01-14T09:29:19.551Z', 'BTC': {'free': 5.9e-07, 'used': 0.0, 'total': 5.9e-07, 'debt': 0.0}, 'USDT': {'free': 2.34441144, 'used': 0.0, 'total': 2.34441144, 'debt': 0.0}, 'NEIROCTO': {'free': 5673.321, 'used': 0.0, 'total': 5673.321}, 'USDC': {'free': 0.03752022, 'used': 0.0, 'total': 0.03752022, 'debt': 0.0}, 'LUNC': {'free': 861.671232, 'used': 0.0, 'total': 861.671232, 'debt': 0.0}, 'BNB': {'free': 0.00022133, 'used': 0.0, 'total': 0.00022133, 'debt': 0.0}, 'free': {'BTC': 5.9e-07, 'USDT': 2.34441144, 'NEIROCTO': 5673.321, 'USDC': 0.03752022, 'LUNC': 861.671232, 'BNB': 0.00022133}, 'used': {'BTC': 0.0, 'USDT': 0.0, 'NEIROCTO': 0.0, 'USDC': 0.0, 'LUNC': 0.0, 'BNB': 0.0}, 'total': {'BTC': 5.9e-07, 'USDT': 2.34441144, 'NEIROCTO': 5673.321, 'USDC': 0.03752022, 'LUNC': 861.671232, 'BNB': 0.00022133}, 'debt': {'BTC': 0.0, 'USDT': 0.0, 'USDC': 0.0, 'LUNC': 0.0, 'BNB': 0.0}}
2025-02-19 19:46:12,077 - INFO - Starting system time synchronization...
2025-02-19 19:46:12,077 - INFO - Attempt 1 of 3.
2025-02-19 19:46:12,148 - INFO - System time synchronized with offset: -4148 ms using server pool.ntp.org
2025-02-19 19:46:12,148 - INFO - Time synchronized with offset: -4148
2025-02-19 19:46:12,153 - INFO - Initialized Bybit exchange
2025-02-19 19:46:12,460 - ERROR - Error fetching OHLCV data: bybit {"retCode":10002,"retMsg":"invalid request, please check your server timestamp or recv_window param. req_timestamp[1739974572153],server_timestamp[1739974568271],recv_window[5000]","result":{},"retExtInfo":{},"time":1739974568271}
2025-02-19 19:46:12,460 - ERROR - An error occurred during execution: bybit {"retCode":10002,"retMsg":"invalid request, please check your server timestamp or recv_window param. req_timestamp[1739974572153],server_timestamp[1739974568271],recv_window[5000]","result":{},"retExtInfo":{},"time":1739974568271}
2025-02-21 11:31:11,128 - INFO - Starting system time synchronization...
2025-02-21 11:31:11,128 - INFO - Attempt 1 of 3.
2025-02-21 11:31:11,359 - INFO - System time synchronized with offset: 6 ms using server pool.ntp.org
2025-02-21 11:31:11,359 - INFO - Time synchronized with offset: 6
2025-02-21 11:31:11,365 - INFO - Initialized Bybit exchange
2025-02-21 11:31:15,032 - INFO - Fetched OHLCV data for BTCUSDT
2025-02-21 11:31:15,044 - INFO - Calculated technical indicators
2025-02-21 11:31:15,045 - INFO - Defined trading strategy
2025-02-21 11:31:15,736 - INFO - Fetched account balance: {'info': {'retCode': '0', 'retMsg': 'OK', 'result': {'list': [{'totalEquity': '2.40150593', 'accountIMRate': '0', 'totalMarginBalance': '0.09450162', 'totalInitialMargin': '0', 'accountType': 'UNIFIED', 'totalAvailableBalance': '0.09450162', 'accountMMRate': '0', 'totalPerpUPL': '0', 'totalWalletBalance': '0.09450162', 'accountLTV': '0', 'totalMaintenanceMargin': '0', 'coin': [{'availableToBorrow': '', 'bonus': '0', 'accruedInterest': '0', 'availableToWithdraw': '', 'totalOrderIM': '0', 'equity': '0.00000059', 'totalPositionMM': '0', 'usdValue': '0.05813291', 'unrealisedPnl': '0', 'collateralSwitch': True, 'spotHedgingQty': '0', 'borrowAmount': '0.000000000000000000', 'totalPositionIM': '0', 'walletBalance': '0.00000059', 'cumRealisedPnl': '-0.0000004', 'locked': '0', 'marginCollateral': True, 'coin': 'BTC'}, {'availableToBorrow': '', 'bonus': '0', 'accruedInterest': '0', 'availableToWithdraw': '', 'totalOrderIM': '0', 'equity': '0.00001144', 'totalPositionMM': '0', 'usdValue': '0.00001144', 'unrealisedPnl': '0', 'collateralSwitch': True, 'spotHedgingQty': '0', 'borrowAmount': '0.000000000000000000', 'totalPositionIM': '0', 'walletBalance': '0.00001144', 'cumRealisedPnl': '-139.47967169', 'locked': '0', 'marginCollateral': True, 'coin': 'USDT'}, {'availableToBorrow': '', 'bonus': '0', 'accruedInterest': '', 'availableToWithdraw': '', 'totalOrderIM': '0', 'equity': '5673.321', 'totalPositionMM': '0', 'usdValue': '2.0958237', 'unrealisedPnl': '0', 'collateralSwitch': False, 'spotHedgingQty': '0', 'borrowAmount': '0.000000000000000000', 'totalPositionIM': '0', 'walletBalance': '5673.321', 'cumRealisedPnl': '-5.679', 'locked': '0', 'marginCollateral': False, 'coin': 'NEIROCTO'}, {'availableToBorrow': '', 'bonus': '0', 'accruedInterest': '0', 'availableToWithdraw': '', 'totalOrderIM': '0', 'equity': '0.03752022', 'totalPositionMM': '0', 'usdValue': '0.03751992', 'unrealisedPnl': '0', 'collateralSwitch': True, 'spotHedgingQty': '0', 'borrowAmount': '0.000000000000000000', 'totalPositionIM': '0', 'walletBalance': '0.03752022', 'cumRealisedPnl': '-0.00585677', 'locked': '0', 'marginCollateral': True, 'coin': 'USDC'}, {'availableToBorrow': '', 'bonus': '0', 'accruedInterest': '0', 'availableToWithdraw': '', 'totalOrderIM': '0', 'equity': '861.671232', 'totalPositionMM': '0', 'usdValue': '0.06578058', 'unrealisedPnl': '0', 'collateralSwitch': False, 'spotHedgingQty': '0', 'borrowAmount': '0.000000000000000000', 'totalPositionIM': '0', 'walletBalance': '861.671232', 'cumRealisedPnl': '-18.195768', 'locked': '0', 'marginCollateral': True, 'coin': 'LUNC'}, {'availableToBorrow': '', 'bonus': '0', 'accruedInterest': '0', 'availableToWithdraw': '', 'totalOrderIM': '0', 'equity': '0.00022133', 'totalPositionMM': '0', 'usdValue': '0.14423735', 'unrealisedPnl': '0', 'collateralSwitch': False, 'spotHedgingQty': '0', 'borrowAmount': '0.000000000000000000', 'totalPositionIM': '0', 'walletBalance': '0.00022133', 'cumRealisedPnl': '0', 'locked': '0', 'marginCollateral': True, 'coin': 'BNB'}]}]}, 'retExtInfo': {}, 'time': '1740117675701'}, 'timestamp': 1740117675701, 'datetime': '2025-02-21T06:01:15.701Z', 'BTC': {'free': None, 'used': None, 'total': 5.9e-07, 'debt': 0.0}, 'USDT': {'free': None, 'used': None, 'total': 1.144e-05, 'debt': 0.0}, 'NEIROCTO': {'free': None, 'used': None, 'total': 5673.321}, 'USDC': {'free': None, 'used': None, 'total': 0.03752022, 'debt': 0.0}, 'LUNC': {'free': None, 'used': None, 'total': 861.671232, 'debt': 0.0}, 'BNB': {'free': None, 'used': None, 'total': 0.00022133, 'debt': 0.0}, 'free': {'BTC': None, 'USDT': None, 'NEIROCTO': None, 'USDC': None, 'LUNC': None, 'BNB': None}, 'used': {'BTC': None, 'USDT': None, 'NEIROCTO': None, 'USDC': None, 'LUNC': None, 'BNB': None}, 'total': {'BTC': 5.9e-07, 'USDT': 1.144e-05, 'NEIROCTO': 5673.321, 'USDC': 0.03752022, 'LUNC': 861.671232, 'BNB': 0.00022133}, 'debt': {'BTC': 0.0, 'USDT': 0.0, 'USDC': 0.0, 'LUNC': 0.0, 'BNB': 0.0}}
2025-03-11 13:10:42,523 - INFO - Starting system time synchronization...
2025-03-11 13:10:42,523 - INFO - Attempt 1 of 3.
2025-03-11 13:10:42,655 - INFO - System time synchronized with offset: 391 ms using server pool.ntp.org
2025-03-11 13:10:42,655 - INFO - Time synchronized with offset: 391
2025-03-11 13:10:42,660 - INFO - Initialized Bybit exchange
2025-03-11 13:10:42,974 - ERROR - Error fetching OHLCV data: bybit {"retCode":33004,"retMsg":"Your api key has expired.","result":{},"retExtInfo":{},"time":1741678843361}; You might also need to ensure the address is whitelisted
2025-03-11 13:10:42,974 - ERROR - An error occurred during execution: bybit {"retCode":33004,"retMsg":"Your api key has expired.","result":{},"retExtInfo":{},"time":1741678843361}; You might also need to ensure the address is whitelisted
2025-03-11 13:51:09,059 - INFO - Starting system time synchronization...
2025-03-11 13:51:09,060 - INFO - Attempt 1 of 3.
2025-03-11 13:51:09,135 - INFO - System time synchronized with offset: 454 ms using server pool.ntp.org
2025-03-11 13:51:09,135 - INFO - Time synchronized with offset: 454
2025-03-11 13:51:09,140 - INFO - Initialized Bybit exchange
2025-03-11 13:51:12,186 - INFO - Fetched OHLCV data for BTCUSDT
2025-03-11 13:51:12,194 - INFO - Calculated technical indicators
2025-03-11 13:51:12,195 - INFO - Defined trading strategy
2025-03-11 13:51:12,502 - INFO - Fetched account balance: {'info': {'retCode': '0', 'retMsg': 'OK', 'result': {'list': [{'totalEquity': '1.59969522', 'accountIMRate': '0', 'totalMarginBalance': '0.08437449', 'totalInitialMargin': '0', 'accountType': 'UNIFIED', 'totalAvailableBalance': '0.08437449', 'accountMMRate': '0', 'totalPerpUPL': '0', 'totalWalletBalance': '0.08437449', 'accountLTV': '0', 'totalMaintenanceMargin': '0', 'coin': [{'availableToBorrow': '', 'bonus': '0', 'accruedInterest': '0', 'availableToWithdraw': '', 'totalOrderIM': '0', 'equity': '0.00000059', 'totalPositionMM': '0', 'usdValue': '0.04780589', 'unrealisedPnl': '0', 'collateralSwitch': True, 'spotHedgingQty': '0', 'borrowAmount': '0.000000000000000000', 'totalPositionIM': '0', 'walletBalance': '0.00000059', 'cumRealisedPnl': '-0.0000004', 'locked': '0', 'marginCollateral': True, 'coin': 'BTC'}, {'availableToBorrow': '', 'bonus': '0', 'accruedInterest': '0', 'availableToWithdraw': '', 'totalOrderIM': '0', 'equity': '0.00001144', 'totalPositionMM': '0', 'usdValue': '0.00001143', 'unrealisedPnl': '0', 'collateralSwitch': True, 'spotHedgingQty': '0', 'borrowAmount': '0.000000000000000000', 'totalPositionIM': '0', 'walletBalance': '0.00001144', 'cumRealisedPnl': '-139.47967169', 'locked': '0', 'marginCollateral': True, 'coin': 'USDT'}, {'availableToBorrow': '', 'bonus': '0', 'accruedInterest': '', 'availableToWithdraw': '', 'totalOrderIM': '0', 'equity': '5673.321', 'totalPositionMM': '0', 'usdValue': '1.33972619', 'unrealisedPnl': '0', 'collateralSwitch': False, 'spotHedgingQty': '0', 'borrowAmount': '0.000000000000000000', 'totalPositionIM': '0', 'walletBalance': '5673.321', 'cumRealisedPnl': '-5.679', 'locked': '0', 'marginCollateral': False, 'coin': 'NEIROCTO'}, {'availableToBorrow': '', 'bonus': '0', 'accruedInterest': '0', 'availableToWithdraw': '', 'totalOrderIM': '0', 'equity': '0.03752022', 'totalPositionMM': '0', 'usdValue': '0.03751328', 'unrealisedPnl': '0', 'collateralSwitch': True, 'spotHedgingQty': '0', 'borrowAmount': '0.000000000000000000', 'totalPositionIM': '0', 'walletBalance': '0.03752022', 'cumRealisedPnl': '-0.00585677', 'locked': '0', 'marginCollateral': True, 'coin': 'USDC'}, {'availableToBorrow': '', 'bonus': '0', 'accruedInterest': '0', 'availableToWithdraw': '', 'totalOrderIM': '0', 'equity': '861.671232', 'totalPositionMM': '0', 'usdValue': '0.05171362', 'unrealisedPnl': '0', 'collateralSwitch': False, 'spotHedgingQty': '0', 'borrowAmount': '0.000000000000000000', 'totalPositionIM': '0', 'walletBalance': '861.671232', 'cumRealisedPnl': '-18.195768', 'locked': '0', 'marginCollateral': True, 'coin': 'LUNC'}, {'availableToBorrow': '', 'bonus': '0', 'accruedInterest': '0', 'availableToWithdraw': '', 'totalOrderIM': '0', 'equity': '0.00022133', 'totalPositionMM': '0', 'usdValue': '0.12292478', 'unrealisedPnl': '0', 'collateralSwitch': False, 'spotHedgingQty': '0', 'borrowAmount': '0.000000000000000000', 'totalPositionIM': '0', 'walletBalance': '0.00022133', 'cumRealisedPnl': '0', 'locked': '0', 'marginCollateral': True, 'coin': 'BNB'}]}]}, 'retExtInfo': {}, 'time': '1741681272906'}, 'timestamp': 1741681272906, 'datetime': '2025-03-11T08:21:12.906Z', 'BTC': {'free': 5.9e-07, 'used': 0.0, 'total': 5.9e-07, 'debt': 0.0}, 'USDT': {'free': 1.144e-05, 'used': 0.0, 'total': 1.144e-05, 'debt': 0.0}, 'NEIROCTO': {'free': 5673.321, 'used': 0.0, 'total': 5673.321}, 'USDC': {'free': 0.03752022, 'used': 0.0, 'total': 0.03752022, 'debt': 0.0}, 'LUNC': {'free': 861.671232, 'used': 0.0, 'total': 861.671232, 'debt': 0.0}, 'BNB': {'free': 0.00022133, 'used': 0.0, 'total': 0.00022133, 'debt': 0.0}, 'free': {'BTC': 5.9e-07, 'USDT': 1.144e-05, 'NEIROCTO': 5673.321, 'USDC': 0.03752022, 'LUNC': 861.671232, 'BNB': 0.00022133}, 'used': {'BTC': 0.0, 'USDT': 0.0, 'NEIROCTO': 0.0, 'USDC': 0.0, 'LUNC': 0.0, 'BNB': 0.0}, 'total': {'BTC': 5.9e-07, 'USDT': 1.144e-05, 'NEIROCTO': 5673.321, 'USDC': 0.03752022, 'LUNC': 861.671232, 'BNB': 0.00022133}, 'debt': {'BTC': 0.0, 'USDT': 0.0, 'USDC': 0.0, 'LUNC': 0.0, 'BNB': 0.0}}
2025-03-17 12:35:44,951 - INFO - Starting system time synchronization...
2025-03-17 12:35:44,952 - INFO - Attempt 1 of 3.
2025-03-17 12:35:45,044 - INFO - System time synchronized with offset: 20 ms using server pool.ntp.org
2025-03-17 12:35:45,044 - INFO - Time synchronized with offset: 20
2025-03-17 12:35:45,049 - INFO - Initialized Bybit exchange
2025-03-17 12:35:48,845 - INFO - Fetched OHLCV data for BTCUSDT
2025-03-17 12:35:48,853 - INFO - Calculated technical indicators
2025-03-17 12:35:48,855 - INFO - Defined trading strategy
2025-03-17 12:35:49,415 - INFO - Fetched account balance: {'info': {'retCode': '0', 'retMsg': 'OK', 'result': {'list': [{'totalEquity': '1.74185471', 'accountIMRate': '0', 'totalMarginBalance': '0.08578789', 'totalInitialMargin': '0', 'accountType': 'UNIFIED', 'totalAvailableBalance': '0.08578789', 'accountMMRate': '0', 'totalPerpUPL': '0', 'totalWalletBalance': '0.08578789', 'accountLTV': '0', 'totalMaintenanceMargin': '0', 'coin': [{'availableToBorrow': '', 'bonus': '0', 'accruedInterest': '0', 'availableToWithdraw': '', 'totalOrderIM': '0', 'equity': '0.00000059', 'totalPositionMM': '0', 'usdValue': '0.04924732', 'unrealisedPnl': '0', 'collateralSwitch': True, 'spotHedgingQty': '0', 'borrowAmount': '0.000000000000000000', 'totalPositionIM': '0', 'walletBalance': '0.00000059', 'cumRealisedPnl': '-0.0000004', 'locked': '0', 'marginCollateral': True, 'coin': 'BTC'}, {'availableToBorrow': '', 'bonus': '0', 'accruedInterest': '0', 'availableToWithdraw': '', 'totalOrderIM': '0', 'equity': '0.00001144', 'totalPositionMM': '0', 'usdValue': '0.00001143', 'unrealisedPnl': '0', 'collateralSwitch': True, 'spotHedgingQty': '0', 'borrowAmount': '0.000000000000000000', 'totalPositionIM': '0', 'walletBalance': '0.00001144', 'cumRealisedPnl': '-139.47967169', 'locked': '0', 'marginCollateral': True, 'coin': 'USDT'}, {'availableToBorrow': '', 'bonus': '0', 'accruedInterest': '', 'availableToWithdraw': '', 'totalOrderIM': '0', 'equity': '5673.321', 'totalPositionMM': '0', 'usdValue': '1.46116543', 'unrealisedPnl': '0', 'collateralSwitch': False, 'spotHedgingQty': '0', 'borrowAmount': '0.000000000000000000', 'totalPositionIM': '0', 'walletBalance': '5673.321', 'cumRealisedPnl': '-5.679', 'locked': '0', 'marginCollateral': False, 'coin': 'NEIROCTO'}, {'availableToBorrow': '', 'bonus': '0', 'accruedInterest': '0', 'availableToWithdraw': '', 'totalOrderIM': '0', 'equity': '0.03752022', 'totalPositionMM': '0', 'usdValue': '0.03751407', 'unrealisedPnl': '0', 'collateralSwitch': True, 'spotHedgingQty': '0', 'borrowAmount': '0.000000000000000000', 'totalPositionIM': '0', 'walletBalance': '0.03752022', 'cumRealisedPnl': '-0.00585677', 'locked': '0', 'marginCollateral': True, 'coin': 'USDC'}, {'availableToBorrow': '', 'bonus': '0', 'accruedInterest': '0', 'availableToWithdraw': '', 'totalOrderIM': '0', 'equity': '861.671232', 'totalPositionMM': '0', 'usdValue': '0.05422738', 'unrealisedPnl': '0', 'collateralSwitch': False, 'spotHedgingQty': '0', 'borrowAmount': '0.000000000000000000', 'totalPositionIM': '0', 'walletBalance': '861.671232', 'cumRealisedPnl': '-18.195768', 'locked': '0', 'marginCollateral': True, 'coin': 'LUNC'}, {'availableToBorrow': '', 'bonus': '0', 'accruedInterest': '0', 'availableToWithdraw': '', 'totalOrderIM': '0', 'equity': '0.00022133', 'totalPositionMM': '0', 'usdValue': '0.13968905', 'unrealisedPnl': '0', 'collateralSwitch': False, 'spotHedgingQty': '0', 'borrowAmount': '0.000000000000000000', 'totalPositionIM': '0', 'walletBalance': '0.00022133', 'cumRealisedPnl': '0', 'locked': '0', 'marginCollateral': True, 'coin': 'BNB'}]}]}, 'retExtInfo': {}, 'time': '1742195149398'}, 'timestamp': 1742195149398, 'datetime': '2025-03-17T07:05:49.398Z', 'BTC': {'free': 5.9e-07, 'used': 0.0, 'total': 5.9e-07, 'debt': 0.0}, 'USDT': {'free': 1.144e-05, 'used': 0.0, 'total': 1.144e-05, 'debt': 0.0}, 'NEIROCTO': {'free': 5673.321, 'used': 0.0, 'total': 5673.321}, 'USDC': {'free': 0.03752022, 'used': 0.0, 'total': 0.03752022, 'debt': 0.0}, 'LUNC': {'free': 861.671232, 'used': 0.0, 'total': 861.671232, 'debt': 0.0}, 'BNB': {'free': 0.00022133, 'used': 0.0, 'total': 0.00022133, 'debt': 0.0}, 'free': {'BTC': 5.9e-07, 'USDT': 1.144e-05, 'NEIROCTO': 5673.321, 'USDC': 0.03752022, 'LUNC': 861.671232, 'BNB': 0.00022133}, 'used': {'BTC': 0.0, 'USDT': 0.0, 'NEIROCTO': 0.0, 'USDC': 0.0, 'LUNC': 0.0, 'BNB': 0.0}, 'total': {'BTC': 5.9e-07, 'USDT': 1.144e-05, 'NEIROCTO': 5673.321, 'USDC': 0.03752022, 'LUNC': 861.671232, 'BNB': 0.00022133}, 'debt': {'BTC': 0.0, 'USDT': 0.0, 'USDC': 0.0, 'LUNC': 0.0, 'BNB': 0.0}}
